{"C:\\Tanmay\\Projects\\TDDProjectPOC\\js\\sub.js": {"path":"C:\\Tanmay\\Projects\\TDDProjectPOC\\js\\sub.js","statementMap":{"0":{"start":{"line":3,"column":4},"end":{"line":3,"column":50}},"1":{"start":{"line":4,"column":4},"end":{"line":4,"column":17}},"2":{"start":{"line":8,"column":0},"end":{"line":8,"column":21}}},"fnMap":{"0":{"name":"add","decl":{"start":{"line":1,"column":9},"end":{"line":1,"column":12}},"loc":{"start":{"line":1,"column":19},"end":{"line":5,"column":1}},"line":1}},"branchMap":{},"s":{"0":1,"1":1,"2":1},"f":{"0":1},"b":{},"_coverageSchema":"1a1c01bbd47fc00a2c39e90264f33305004495a9","hash":"75eddc59f01f6bb828e4ae89c8af8abd65c5ebbd"}
,"C:\\Tanmay\\Projects\\TDDProjectPOC\\js\\todolist.js": {"path":"C:\\Tanmay\\Projects\\TDDProjectPOC\\js\\todolist.js","statementMap":{"0":{"start":{"line":4,"column":23},"end":{"line":4,"column":42}},"1":{"start":{"line":5,"column":19},"end":{"line":5,"column":33}},"2":{"start":{"line":7,"column":4},"end":{"line":7,"column":53}},"3":{"start":{"line":12,"column":4},"end":{"line":14,"column":7}},"4":{"start":{"line":13,"column":8},"end":{"line":13,"column":18}},"5":{"start":{"line":17,"column":0},"end":{"line":17,"column":22}}},"fnMap":{"0":{"name":"addtodo","decl":{"start":{"line":3,"column":9},"end":{"line":3,"column":16}},"loc":{"start":{"line":3,"column":19},"end":{"line":8,"column":1}},"line":3},"1":{"name":"init","decl":{"start":{"line":10,"column":9},"end":{"line":10,"column":13}},"loc":{"start":{"line":10,"column":16},"end":{"line":15,"column":1}},"line":10},"2":{"name":"(anonymous_2)","decl":{"start":{"line":12,"column":30},"end":{"line":12,"column":31}},"loc":{"start":{"line":12,"column":40},"end":{"line":14,"column":5}},"line":12}},"branchMap":{},"s":{"0":2,"1":2,"2":2,"3":2,"4":2,"5":1},"f":{"0":2,"1":2,"2":2},"b":{},"_coverageSchema":"1a1c01bbd47fc00a2c39e90264f33305004495a9","hash":"131b921ef71e6bac13b0e9c6de38a60318cde51d"}
}
